Using pre-set license
Built from '2020.2/release' branch; Version is '2020.2.1f1 (270dd8c3da1c) revision 2559448'; Using compiler version '192528614'; Build Type 'Release'
OS: 'Windows 10  (10.0.0) 64bit' Language: 'en' Physical Memory: 16332 MB
BatchMode: 1, IsHumanControllingUs: 0, StartBugReporterOnCrash: 0, Is64bit: 1, IsPro: 0

 COMMAND LINE ARGUMENTS:
M:\Program Files\Unity Hub\2020.2.1f1\Editor\Unity.exe
-adb2
-batchMode
-noUpm
-name
AssetImportWorker0
-projectPath
M:/VGP 123/VGC_123_2021/VGP123_L02_Duarte_Marlon
-logFile
Logs/AssetImportWorker0.log
-srvPort
49930
Successfully changed project path to: M:/VGP 123/VGC_123_2021/VGP123_L02_Duarte_Marlon
M:/VGP 123/VGC_123_2021/VGP123_L02_Duarte_Marlon
Using Asset Import Pipeline V2.
Refreshing native plugins compatible for Editor in 33.00 ms, found 1 plugins.
Preloading 0 native plugins for Editor in 0.00 ms.
Initialize engine version: 2020.2.1f1 (270dd8c3da1c)
[Subsystems] Discovering subsystems at path M:/Program Files/Unity Hub/2020.2.1f1/Editor/Data/Resources/UnitySubsystems
[Subsystems] Discovering subsystems at path M:/VGP 123/VGC_123_2021/VGP123_L02_Duarte_Marlon/Assets
GfxDevice: creating device client; threaded=0
Direct3D:
    Version:  Direct3D 11.0 [level 11.1]
    Renderer: NVIDIA GeForce RTX 3080 (ID=0x2206)
    Vendor:   
    VRAM:     10078 MB
    Driver:   27.21.14.6140
Initialize mono
Mono path[0] = 'M:/Program Files/Unity Hub/2020.2.1f1/Editor/Data/Managed'
Mono path[1] = 'M:/Program Files/Unity Hub/2020.2.1f1/Editor/Data/MonoBleedingEdge/lib/mono/unityjit'
Mono config path = 'M:/Program Files/Unity Hub/2020.2.1f1/Editor/Data/MonoBleedingEdge/etc'
Using monoOptions --debugger-agent=transport=dt_socket,embedding=1,server=y,suspend=n,address=127.0.0.1:56496
Begin MonoManager ReloadAssembly
Registering precompiled unity dll's ...
Register platform support module: M:/Program Files/Unity Hub/2020.2.1f1/Editor/Data/PlaybackEngines/WindowsStandaloneSupport/UnityEditor.WindowsStandalone.Extensions.dll
Registered in 0.000933 seconds.
Native extension for WindowsStandalone target not found
Refreshing native plugins compatible for Editor in 30.11 ms, found 1 plugins.
Preloading 0 native plugins for Editor in 0.00 ms.
Invoked RoslynAnalysisRunner static constructor.
RoslynAnalysisRunner will not be running.
RoslynAnalysisRunner has terminated.
Mono: successfully reloaded assembly
- Completed reload, in  1.129 seconds
Platform modules already initialized, skipping
Registering precompiled user dll's ...
Registered in 0.000789 seconds.
Begin MonoManager ReloadAssembly
Native extension for WindowsStandalone target not found
Refreshing native plugins compatible for Editor in 30.27 ms, found 1 plugins.
Preloading 0 native plugins for Editor in 0.00 ms.
Invoked RoslynAnalysisRunner static constructor.
RoslynAnalysisRunner will not be running.
RoslynAnalysisRunner has terminated.
Mono: successfully reloaded assembly
- Completed reload, in  0.748 seconds
Platform modules already initialized, skipping
========================================================================
Worker process is ready to serve import requests
Launched and connected shader compiler UnityShaderCompiler.exe after 0.04 seconds
Refreshing native plugins compatible for Editor in 0.38 ms, found 1 plugins.
Preloading 0 native plugins for Editor in 0.00 ms.
Unloading 1788 Unused Serialized files (Serialized files now loaded: 0)
System memory in use before: 83.7 MB.
System memory in use after: 83.7 MB.

Unloading 24 unused Assets to reduce memory usage. Loaded Objects now: 2228.
Total: 1.836000 ms (FindLiveObjects: 0.197900 ms CreateObjectMapping: 0.047200 ms MarkObjects: 1.496200 ms  DeleteObjects: 0.094100 ms)

========================================================================
Received Import Request.
  path: Assets/Sprites/Player/Animations/Player 3.controller
  artifactKey: Guid(47303d4d45d089f4fbc2ff63d1aea4a1) Importer(815301076,1909f56bfc062723c751e8b465ee728b)
Start importing Assets/Sprites/Player/Animations/Player 3.controller using Guid(47303d4d45d089f4fbc2ff63d1aea4a1) Importer(815301076,1909f56bfc062723c751e8b465ee728b)  -> (artifact id: 'e7ecb04d31fc6ddd187c7a7cdb94bfc6') in 0.038371 seconds
  Import took 0.041224 seconds .

========================================================================
Received Prepare
Refreshing native plugins compatible for Editor in 1.63 ms, found 1 plugins.
Preloading 0 native plugins for Editor in 0.00 ms.
Unloading 10 Unused Serialized files (Serialized files now loaded: 0)
System memory in use before: 48.5 MB.
System memory in use after: 48.5 MB.

Unloading 10 unused Assets to reduce memory usage. Loaded Objects now: 2228.
Total: 2.193300 ms (FindLiveObjects: 0.204500 ms CreateObjectMapping: 0.037900 ms MarkObjects: 1.859300 ms  DeleteObjects: 0.090700 ms)

========================================================================
Received Prepare
Registering precompiled user dll's ...
Registered in 0.000875 seconds.
Begin MonoManager ReloadAssembly
Native extension for WindowsStandalone target not found
Refreshing native plugins compatible for Editor in 0.32 ms, found 1 plugins.
Preloading 0 native plugins for Editor in 0.00 ms.
Invoked RoslynAnalysisRunner static constructor.
RoslynAnalysisRunner will not be running.
RoslynAnalysisRunner has terminated.
Mono: successfully reloaded assembly
- Completed reload, in  0.668 seconds
Platform modules already initialized, skipping
Refreshing native plugins compatible for Editor in 0.37 ms, found 1 plugins.
Preloading 0 native plugins for Editor in 0.00 ms.
Unloading 1783 Unused Serialized files (Serialized files now loaded: 0)
System memory in use before: 83.9 MB.
System memory in use after: 83.9 MB.

Unloading 12 unused Assets to reduce memory usage. Loaded Objects now: 2231.
Total: 1.901900 ms (FindLiveObjects: 0.196000 ms CreateObjectMapping: 0.037600 ms MarkObjects: 1.570200 ms  DeleteObjects: 0.097200 ms)

========================================================================
Received Prepare
Registering precompiled user dll's ...
Registered in 0.000881 seconds.
Begin MonoManager ReloadAssembly
Native extension for WindowsStandalone target not found
Refreshing native plugins compatible for Editor in 0.37 ms, found 1 plugins.
Preloading 0 native plugins for Editor in 0.00 ms.
Invoked RoslynAnalysisRunner static constructor.
RoslynAnalysisRunner will not be running.
RoslynAnalysisRunner has terminated.
Mono: successfully reloaded assembly
- Completed reload, in  0.663 seconds
Platform modules already initialized, skipping
Refreshing native plugins compatible for Editor in 0.39 ms, found 1 plugins.
Preloading 0 native plugins for Editor in 0.00 ms.
Unloading 1783 Unused Serialized files (Serialized files now loaded: 0)
System memory in use before: 84.0 MB.
System memory in use after: 84.0 MB.

Unloading 12 unused Assets to reduce memory usage. Loaded Objects now: 2234.
Total: 1.925600 ms (FindLiveObjects: 0.194700 ms CreateObjectMapping: 0.037700 ms MarkObjects: 1.584700 ms  DeleteObjects: 0.107800 ms)

========================================================================
Received Prepare
Registering precompiled user dll's ...
Registered in 0.000866 seconds.
Begin MonoManager ReloadAssembly
Native extension for WindowsStandalone target not found
Refreshing native plugins compatible for Editor in 0.29 ms, found 1 plugins.
Preloading 0 native plugins for Editor in 0.00 ms.
Invoked RoslynAnalysisRunner static constructor.
RoslynAnalysisRunner will not be running.
RoslynAnalysisRunner has terminated.
Mono: successfully reloaded assembly
- Completed reload, in  0.662 seconds
Platform modules already initialized, skipping
Refreshing native plugins compatible for Editor in 0.37 ms, found 1 plugins.
Preloading 0 native plugins for Editor in 0.00 ms.
Unloading 1783 Unused Serialized files (Serialized files now loaded: 0)
System memory in use before: 84.1 MB.
System memory in use after: 84.1 MB.

Unloading 12 unused Assets to reduce memory usage. Loaded Objects now: 2237.
Total: 2.025600 ms (FindLiveObjects: 0.237900 ms CreateObjectMapping: 0.043400 ms MarkObjects: 1.622800 ms  DeleteObjects: 0.120500 ms)

========================================================================
Received Prepare
Registering precompiled user dll's ...
Registered in 0.000851 seconds.
Begin MonoManager ReloadAssembly
Native extension for WindowsStandalone target not found
Refreshing native plugins compatible for Editor in 0.29 ms, found 1 plugins.
Preloading 0 native plugins for Editor in 0.00 ms.
Invoked RoslynAnalysisRunner static constructor.
RoslynAnalysisRunner will not be running.
RoslynAnalysisRunner has terminated.
Mono: successfully reloaded assembly
- Completed reload, in  0.653 seconds
Platform modules already initialized, skipping
Refreshing native plugins compatible for Editor in 0.37 ms, found 1 plugins.
Preloading 0 native plugins for Editor in 0.00 ms.
Unloading 1783 Unused Serialized files (Serialized files now loaded: 0)
System memory in use before: 84.2 MB.
System memory in use after: 84.2 MB.

Unloading 12 unused Assets to reduce memory usage. Loaded Objects now: 2240.
Total: 1.957600 ms (FindLiveObjects: 0.197200 ms CreateObjectMapping: 0.036800 ms MarkObjects: 1.614800 ms  DeleteObjects: 0.108100 ms)

========================================================================
Received Prepare
Registering precompiled user dll's ...
Registered in 0.000833 seconds.
Begin MonoManager ReloadAssembly
Native extension for WindowsStandalone target not found
Refreshing native plugins compatible for Editor in 0.29 ms, found 1 plugins.
Preloading 0 native plugins for Editor in 0.00 ms.
Invoked RoslynAnalysisRunner static constructor.
RoslynAnalysisRunner will not be running.
RoslynAnalysisRunner has terminated.
Mono: successfully reloaded assembly
- Completed reload, in  0.655 seconds
Platform modules already initialized, skipping
Refreshing native plugins compatible for Editor in 0.37 ms, found 1 plugins.
Preloading 0 native plugins for Editor in 0.00 ms.
Unloading 1783 Unused Serialized files (Serialized files now loaded: 0)
System memory in use before: 84.3 MB.
System memory in use after: 84.3 MB.

Unloading 12 unused Assets to reduce memory usage. Loaded Objects now: 2243.
Total: 1.900700 ms (FindLiveObjects: 0.196500 ms CreateObjectMapping: 0.037400 ms MarkObjects: 1.569100 ms  DeleteObjects: 0.097100 ms)

========================================================================
Received Prepare
Registering precompiled user dll's ...
Registered in 0.000838 seconds.
Begin MonoManager ReloadAssembly
Native extension for WindowsStandalone target not found
Refreshing native plugins compatible for Editor in 0.30 ms, found 1 plugins.
Preloading 0 native plugins for Editor in 0.00 ms.
Invoked RoslynAnalysisRunner static constructor.
RoslynAnalysisRunner will not be running.
RoslynAnalysisRunner has terminated.
Mono: successfully reloaded assembly
- Completed reload, in  0.657 seconds
Platform modules already initialized, skipping
Refreshing native plugins compatible for Editor in 0.36 ms, found 1 plugins.
Preloading 0 native plugins for Editor in 0.00 ms.
Unloading 1783 Unused Serialized files (Serialized files now loaded: 0)
System memory in use before: 84.4 MB.
System memory in use after: 84.4 MB.

Unloading 12 unused Assets to reduce memory usage. Loaded Objects now: 2246.
Total: 1.914700 ms (FindLiveObjects: 0.191500 ms CreateObjectMapping: 0.037200 ms MarkObjects: 1.583600 ms  DeleteObjects: 0.101800 ms)

========================================================================
Received Prepare
Registering precompiled user dll's ...
Registered in 0.000881 seconds.
Begin MonoManager ReloadAssembly
Native extension for WindowsStandalone target not found
Refreshing native plugins compatible for Editor in 0.39 ms, found 1 plugins.
Preloading 0 native plugins for Editor in 0.00 ms.
Invoked RoslynAnalysisRunner static constructor.
RoslynAnalysisRunner will not be running.
RoslynAnalysisRunner has terminated.
Mono: successfully reloaded assembly
- Completed reload, in  0.673 seconds
Platform modules already initialized, skipping
Refreshing native plugins compatible for Editor in 0.37 ms, found 1 plugins.
Preloading 0 native plugins for Editor in 0.00 ms.
Unloading 1783 Unused Serialized files (Serialized files now loaded: 0)
System memory in use before: 84.5 MB.
System memory in use after: 84.5 MB.

Unloading 12 unused Assets to reduce memory usage. Loaded Objects now: 2249.
Total: 1.747300 ms (FindLiveObjects: 0.193000 ms CreateObjectMapping: 0.036300 ms MarkObjects: 1.433400 ms  DeleteObjects: 0.084100 ms)

========================================================================
Received Import Request.
  Time since last request: 469.137985 seconds.
  path: Assets/Prefabs/Player.prefab
  artifactKey: Guid(8a1123bc6d631014395df5a6cc8ba3bb) Importer(815301076,1909f56bfc062723c751e8b465ee728b)
Start importing Assets/Prefabs/Player.prefab using Guid(8a1123bc6d631014395df5a6cc8ba3bb) Importer(815301076,1909f56bfc062723c751e8b465ee728b)  -> (artifact id: '5d2ec1c93c7330ed7cc7cbef217de76c') in 0.082033 seconds
  Import took 0.085251 seconds .

========================================================================
Received Prepare
Registering precompiled user dll's ...
Registered in 0.000952 seconds.
Begin MonoManager ReloadAssembly
Native extension for WindowsStandalone target not found
Refreshing native plugins compatible for Editor in 0.37 ms, found 1 plugins.
Preloading 0 native plugins for Editor in 0.00 ms.
Invoked RoslynAnalysisRunner static constructor.
RoslynAnalysisRunner will not be running.
RoslynAnalysisRunner has terminated.
Mono: successfully reloaded assembly
- Completed reload, in  0.660 seconds
Platform modules already initialized, skipping
Refreshing native plugins compatible for Editor in 0.32 ms, found 1 plugins.
Preloading 0 native plugins for Editor in 0.00 ms.
Unloading 1783 Unused Serialized files (Serialized files now loaded: 0)
System memory in use before: 87.7 MB.
System memory in use after: 87.7 MB.

Unloading 12 unused Assets to reduce memory usage. Loaded Objects now: 2259.
Total: 1.736400 ms (FindLiveObjects: 0.197000 ms CreateObjectMapping: 0.036500 ms MarkObjects: 1.414400 ms  DeleteObjects: 0.087700 ms)

========================================================================
Received Prepare
Registering precompiled user dll's ...
Registered in 0.001120 seconds.
Begin MonoManager ReloadAssembly
Native extension for WindowsStandalone target not found
Refreshing native plugins compatible for Editor in 0.41 ms, found 1 plugins.
Preloading 0 native plugins for Editor in 0.00 ms.
Invoked RoslynAnalysisRunner static constructor.
RoslynAnalysisRunner will not be running.
RoslynAnalysisRunner has terminated.
Mono: successfully reloaded assembly
- Completed reload, in  0.778 seconds
Platform modules already initialized, skipping
Refreshing native plugins compatible for Editor in 0.39 ms, found 1 plugins.
Preloading 0 native plugins for Editor in 0.00 ms.
Unloading 1783 Unused Serialized files (Serialized files now loaded: 0)
System memory in use before: 87.8 MB.
System memory in use after: 87.8 MB.

Unloading 12 unused Assets to reduce memory usage. Loaded Objects now: 2262.
Total: 2.089700 ms (FindLiveObjects: 0.215900 ms CreateObjectMapping: 0.038000 ms MarkObjects: 1.735100 ms  DeleteObjects: 0.099500 ms)

========================================================================
Received Prepare
Registering precompiled user dll's ...
Registered in 0.000922 seconds.
Begin MonoManager ReloadAssembly
Native extension for WindowsStandalone target not found
Refreshing native plugins compatible for Editor in 0.38 ms, found 1 plugins.
Preloading 0 native plugins for Editor in 0.00 ms.
Invoked RoslynAnalysisRunner static constructor.
RoslynAnalysisRunner will not be running.
RoslynAnalysisRunner has terminated.
Mono: successfully reloaded assembly
- Completed reload, in  0.659 seconds
Platform modules already initialized, skipping
Refreshing native plugins compatible for Editor in 0.35 ms, found 1 plugins.
Preloading 0 native plugins for Editor in 0.00 ms.
Unloading 1783 Unused Serialized files (Serialized files now loaded: 0)
System memory in use before: 87.8 MB.
System memory in use after: 87.8 MB.

Unloading 12 unused Assets to reduce memory usage. Loaded Objects now: 2265.
Total: 1.866400 ms (FindLiveObjects: 0.188600 ms CreateObjectMapping: 0.036100 ms MarkObjects: 1.534800 ms  DeleteObjects: 0.106000 ms)

========================================================================
Received Prepare
Registering precompiled user dll's ...
Registered in 0.001063 seconds.
Begin MonoManager ReloadAssembly
Native extension for WindowsStandalone target not found
Refreshing native plugins compatible for Editor in 0.37 ms, found 1 plugins.
Preloading 0 native plugins for Editor in 0.00 ms.
Invoked RoslynAnalysisRunner static constructor.
RoslynAnalysisRunner will not be running.
RoslynAnalysisRunner has terminated.
Mono: successfully reloaded assembly
- Completed reload, in  0.657 seconds
Platform modules already initialized, skipping
Refreshing native plugins compatible for Editor in 0.35 ms, found 1 plugins.
Preloading 0 native plugins for Editor in 0.00 ms.
Unloading 1783 Unused Serialized files (Serialized files now loaded: 0)
System memory in use before: 88.0 MB.
System memory in use after: 88.0 MB.

Unloading 12 unused Assets to reduce memory usage. Loaded Objects now: 2268.
Total: 1.949500 ms (FindLiveObjects: 0.199400 ms CreateObjectMapping: 0.037700 ms MarkObjects: 1.595300 ms  DeleteObjects: 0.116300 ms)

========================================================================
Received Prepare
Registering precompiled user dll's ...
Registered in 0.000950 seconds.
Begin MonoManager ReloadAssembly
Native extension for WindowsStandalone target not found
Refreshing native plugins compatible for Editor in 0.30 ms, found 1 plugins.
Preloading 0 native plugins for Editor in 0.00 ms.
Invoked RoslynAnalysisRunner static constructor.
RoslynAnalysisRunner will not be running.
RoslynAnalysisRunner has terminated.
Mono: successfully reloaded assembly
- Completed reload, in  0.661 seconds
Platform modules already initialized, skipping
Refreshing native plugins compatible for Editor in 0.36 ms, found 1 plugins.
Preloading 0 native plugins for Editor in 0.00 ms.
Unloading 1783 Unused Serialized files (Serialized files now loaded: 0)
System memory in use before: 88.1 MB.
System memory in use after: 88.1 MB.

Unloading 12 unused Assets to reduce memory usage. Loaded Objects now: 2271.
Total: 2.171400 ms (FindLiveObjects: 0.194700 ms CreateObjectMapping: 0.037000 ms MarkObjects: 1.843100 ms  DeleteObjects: 0.095500 ms)

========================================================================
Received Prepare
Registering precompiled user dll's ...
Registered in 0.000964 seconds.
Begin MonoManager ReloadAssembly
Native extension for WindowsStandalone target not found
Refreshing native plugins compatible for Editor in 0.30 ms, found 1 plugins.
Preloading 0 native plugins for Editor in 0.00 ms.
Invoked RoslynAnalysisRunner static constructor.
RoslynAnalysisRunner will not be running.
RoslynAnalysisRunner has terminated.
Mono: successfully reloaded assembly
- Completed reload, in  0.657 seconds
Platform modules already initialized, skipping
Refreshing native plugins compatible for Editor in 0.37 ms, found 1 plugins.
Preloading 0 native plugins for Editor in 0.00 ms.
Unloading 1783 Unused Serialized files (Serialized files now loaded: 0)
System memory in use before: 88.1 MB.
System memory in use after: 88.1 MB.

Unloading 12 unused Assets to reduce memory usage. Loaded Objects now: 2274.
Total: 1.783100 ms (FindLiveObjects: 0.198600 ms CreateObjectMapping: 0.037900 ms MarkObjects: 1.456800 ms  DeleteObjects: 0.088800 ms)

========================================================================
Received Prepare
Registering precompiled user dll's ...
Registered in 0.000910 seconds.
Begin MonoManager ReloadAssembly
Native extension for WindowsStandalone target not found
Refreshing native plugins compatible for Editor in 0.38 ms, found 1 plugins.
Preloading 0 native plugins for Editor in 0.00 ms.
Invoked RoslynAnalysisRunner static constructor.
RoslynAnalysisRunner will not be running.
RoslynAnalysisRunner has terminated.
Mono: successfully reloaded assembly
- Completed reload, in  0.655 seconds
Platform modules already initialized, skipping
Refreshing native plugins compatible for Editor in 0.33 ms, found 1 plugins.
Preloading 0 native plugins for Editor in 0.00 ms.
Unloading 1783 Unused Serialized files (Serialized files now loaded: 0)
System memory in use before: 88.2 MB.
System memory in use after: 88.2 MB.

Unloading 12 unused Assets to reduce memory usage. Loaded Objects now: 2277.
Total: 1.896800 ms (FindLiveObjects: 0.184200 ms CreateObjectMapping: 0.035600 ms MarkObjects: 1.562700 ms  DeleteObjects: 0.113700 ms)

AssetImportWorkerClient::OnTransportError - code=2 error=End of file
